

*******************************************************************************
Thu Nov 28 16:46:57 2019


FIT:    data read from "analise.txt" u 1:2
        format = x:z
        #datapoints = 7
        residuals are weighted equally (unit weight)

function used for fitting: f(x)
	f(x) = ax**2 + bx + c
fitted parameters initialized with current variable values



*******************************************************************************
Thu Nov 28 16:47:11 2019


FIT:    data read from "analise.txt" u 1:2
        format = x:z
        #datapoints = 7
        residuals are weighted equally (unit weight)

function used for fitting: f(x)
	f(x) = a*x**2 + bx + c
fitted parameters initialized with current variable values



*******************************************************************************
Thu Nov 28 16:47:18 2019


FIT:    data read from "analise.txt" u 1:2
        format = x:z
        #datapoints = 7
        residuals are weighted equally (unit weight)

function used for fitting: f(x)
	f(x) = a*x**2 + b*x + c
fitted parameters initialized with current variable values

iter      chisq       delta/lim  lambda   a             b             c            
   0 1.0707192491e+20   0.00e+00  2.26e+09    1.000000e+00   1.000000e+00   1.000000e+00
  13 4.4287659871e+07  -6.22e-08  2.26e-04    3.839357e-07   4.210668e-01  -1.697645e+03

After 13 iterations the fit converged.
final sum of squares of residuals : 4.42877e+07
rel. change during last iteration : -6.22288e-13

degrees of freedom    (FIT_NDF)                        : 4
rms of residuals      (FIT_STDFIT) = sqrt(WSSR/ndf)    : 3327.45
variance of residuals (reduced chisquare) = WSSR/ndf   : 1.10719e+07

Final set of parameters            Asymptotic Standard Error
=======================            ==========================
a               = 3.83936e-07      +/- 1.324e-06    (344.9%)
b               = 0.421067         +/- 0.1329       (31.57%)
c               = -1697.65         +/- 1923         (113.3%)

correlation matrix of the fit parameters:
                a      b      c      
a               1.000 
b              -0.960  1.000 
c               0.529 -0.659  1.000 


*******************************************************************************
Thu Nov 28 16:48:51 2019


FIT:    data read from "analise.txt" u 1:3
        format = x:z
        #datapoints = 7
        residuals are weighted equally (unit weight)

function used for fitting: f(x)
	f(x) = a*x**2 + b*x + c
fitted parameters initialized with current variable values

iter      chisq       delta/lim  lambda   a             b             c            
   0 1.4849301796e+09   0.00e+00  1.08e+04    3.839357e-07   4.210668e-01  -1.697645e+03
   5 4.6475293534e+05  -1.82e-08  1.08e-01    1.649885e-07   8.858287e-02  -2.403732e+02

After 5 iterations the fit converged.
final sum of squares of residuals : 464753
rel. change during last iteration : -1.82105e-13

degrees of freedom    (FIT_NDF)                        : 4
rms of residuals      (FIT_STDFIT) = sqrt(WSSR/ndf)    : 340.864
variance of residuals (reduced chisquare) = WSSR/ndf   : 116188

Final set of parameters            Asymptotic Standard Error
=======================            ==========================
a               = 1.64989e-07      +/- 1.357e-07    (82.23%)
b               = 0.0885829        +/- 0.01362      (15.37%)
c               = -240.373         +/- 197          (81.95%)

correlation matrix of the fit parameters:
                a      b      c      
a               1.000 
b              -0.960  1.000 
c               0.529 -0.659  1.000 


*******************************************************************************
Thu Nov 28 16:49:51 2019


FIT:    data read from "analise.txt" u 1:3
        format = x:z
        #datapoints = 7
        residuals are weighted equally (unit weight)

function used for fitting: f(x)
	f(x) = a*x**2 + b*x
fitted parameters initialized with current variable values

iter      chisq       delta/lim  lambda   a             b            
   0 8.6920792997e+05   0.00e+00  2.79e+03    1.649885e-07   8.858287e-02
   4 6.3776312061e+05  -7.11e-03  2.79e-01    2.525390e-07   7.763405e-02

After 4 iterations the fit converged.
final sum of squares of residuals : 637763
rel. change during last iteration : -7.11482e-08

degrees of freedom    (FIT_NDF)                        : 5
rms of residuals      (FIT_STDFIT) = sqrt(WSSR/ndf)    : 357.145
variance of residuals (reduced chisquare) = WSSR/ndf   : 127553

Final set of parameters            Asymptotic Standard Error
=======================            ==========================
a               = 2.52539e-07      +/- 1.206e-07    (47.77%)
b               = 0.077634         +/- 0.01073      (13.83%)

correlation matrix of the fit parameters:
                a      b      
a               1.000 
b              -0.958  1.000 


*******************************************************************************
Thu Nov 28 16:50:28 2019


FIT:    data read from "analise.txt" u 1:3
        format = x:z
        #datapoints = 7
        residuals are weighted equally (unit weight)

function used for fitting: f(x)
	f(x) = a*x**2
fitted parameters initialized with current variable values

iter      chisq       delta/lim  lambda   a            
   0 8.2159633773e+07   0.00e+00  9.88e+02    2.525390e-07
   3 7.3103548912e+06  -3.26e-02  9.88e-01    1.088640e-06

After 3 iterations the fit converged.
final sum of squares of residuals : 7.31035e+06
rel. change during last iteration : -3.25562e-07

degrees of freedom    (FIT_NDF)                        : 6
rms of residuals      (FIT_STDFIT) = sqrt(WSSR/ndf)    : 1103.81
variance of residuals (reduced chisquare) = WSSR/ndf   : 1.21839e+06

Final set of parameters            Asymptotic Standard Error
=======================            ==========================
a               = 1.08864e-06      +/- 1.067e-07    (9.799%)


*******************************************************************************
Thu Nov 28 16:51:40 2019


FIT:    data read from "analise.txt" u 1:3
        format = x:z
        x range restricted to [0.00000 : 100000.]
        #datapoints = 6
        residuals are weighted equally (unit weight)

function used for fitting: f(x)
	f(x) = a*x**2
fitted parameters initialized with current variable values

iter      chisq       delta/lim  lambda   a            
   0 6.9285951055e+06   0.00e+00  1.18e+03    1.088640e-06
   3 1.5293586893e+06  -1.99e-02  1.18e+00    1.962491e-06

After 3 iterations the fit converged.
final sum of squares of residuals : 1.52936e+06
rel. change during last iteration : -1.9947e-07

degrees of freedom    (FIT_NDF)                        : 5
rms of residuals      (FIT_STDFIT) = sqrt(WSSR/ndf)    : 553.057
variance of residuals (reduced chisquare) = WSSR/ndf   : 305872

Final set of parameters            Asymptotic Standard Error
=======================            ==========================
a               = 1.96249e-06      +/- 2.08e-07     (10.6%)
